Added Component: Designator=Arduino UNO R3(Arduino UNO R3)
Add component (AddParameter): Name = "Value"; Value = "Cau 1A"; VariantName = "[No Variations]"
Added Component: Designator=LCD?(LCD16X2)
Add component (AddParameter): Name = "Value"; Value = "LCD16x2A"; VariantName = "[No Variations]"
Added Component: Designator=LED-BLUE(LED-5MM-BLUE)
Add component (AddParameter): Name = "Value"; Value = "LED 3 ly Single Colour"; VariantName = "[No Variations]"
Added Component: Designator=LED-RED(LED-5MM-RED)
Add component (AddParameter): Name = "Value"; Value = "LED 3 ly Single Colour"; VariantName = "[No Variations]"
Added Component: Designator=R?(RES-1/4W)
Add component (AddParameter): Name = "Class"; Value = "Passive"; VariantName = "[No Variations]"
Add component (AddParameter): Name = "Manufacturer"; Value = "Generic Components"; VariantName = "[No Variations]"
Add component (AddParameter): Name = "Published"; Value = "08/06/2000"; VariantName = "[No Variations]"
Add component (AddParameter): Name = "Publisher"; Value = "Altium Hobart Technology Centre"; VariantName = "[No Variations]"
Add component (AddParameter): Name = "SubClass"; Value = "R"; VariantName = "[No Variations]"
Added Component: Designator=R?(RES-1/4W)
Add component (AddParameter): Name = "Class"; Value = "Passive"; VariantName = "[No Variations]"
Add component (AddParameter): Name = "Manufacturer"; Value = "Generic Components"; VariantName = "[No Variations]"
Add component (AddParameter): Name = "Published"; Value = "08/06/2000"; VariantName = "[No Variations]"
Add component (AddParameter): Name = "Publisher"; Value = "Altium Hobart Technology Centre"; VariantName = "[No Variations]"
Add component (AddParameter): Name = "SubClass"; Value = "R"; VariantName = "[No Variations]"
Added Component: Designator=RFID(JP8-D1T)
Add component (AddParameter): Name = "ComponentLink1 Description"; Value = "Manufacturer"; VariantName = "[No Variations]"
Add component (AddParameter): Name = "ComponentLink1URL"; Value = "http://www.we-online.com"; VariantName = "[No Variations]"
Add component (AddParameter): Name = "ComponentLink2 Description"; Value = "Datasheet"; VariantName = "[No Variations]"
Add component (AddParameter): Name = "ComponentLink2URL"; Value = "http://katalog.we-online.de/em/datasheet/6130xx143121.pdf"; VariantName = "[No Variations]"
Add component (AddParameter): Name = "Created by"; Value = "Karrer Zheng"; VariantName = "[No Variations]"
Add component (AddParameter): Name = "Created Date"; Value = "29 March 2013"; VariantName = "[No Variations]"
Add component (AddParameter): Name = "Manufacturer"; Value = "W¨¹rth Elektronik eiSos GmbH"; VariantName = "[No Variations]"
Add component (AddParameter): Name = "NoPins"; Value = "08"; VariantName = "[No Variations]"
Add component (AddParameter): Name = "partNo"; Value = "613008143121"; VariantName = "[No Variations]"
Added Component: Designator=SERVO(JP3-D1T)
Add component (AddParameter): Name = "ComponentLink1 Description"; Value = "Manufacturer"; VariantName = "[No Variations]"
Add component (AddParameter): Name = "ComponentLink1URL"; Value = "http://www.we-online.com"; VariantName = "[No Variations]"
Add component (AddParameter): Name = "ComponentLink2 Description"; Value = "Datasheet"; VariantName = "[No Variations]"
Add component (AddParameter): Name = "ComponentLink2URL"; Value = "http://katalog.we-online.de/em/datasheet/6130xx143121.pdf"; VariantName = "[No Variations]"
Add component (AddParameter): Name = "Created by"; Value = "Karrer Zheng"; VariantName = "[No Variations]"
Add component (AddParameter): Name = "Created Date"; Value = "29 March 2013"; VariantName = "[No Variations]"
Add component (AddParameter): Name = "Manufacturer"; Value = "W¨¹rth Elektronik eiSos GmbH"; VariantName = "[No Variations]"
Add component (AddParameter): Name = "NoPins"; Value = "03"; VariantName = "[No Variations]"
Add component (AddParameter): Name = "partNo"; Value = "613003143121"; VariantName = "[No Variations]"
Added Component: Designator=SP?(Buzzer 5V 9x1.2mm)
Added Component: Designator=VR?(VR-S2)
Add component (AddParameter): Name = "Value"; Value = "Volume 50k"; VariantName = "[No Variations]"
Added Pin To Net: NetName=5V Pin=Arduino UNO R3-5V
Added Pin To Net: NetName=5V Pin=LCD?-2
Added Pin To Net: NetName=5V Pin=LCD?-15
Added Pin To Net: NetName=5V Pin=SERVO-1
Added Pin To Net: NetName=5V Pin=VR?-1
Added Net: Name=5V
Added Pin To Net: NetName=BUZZER Pin=Arduino UNO R3-~5
Added Pin To Net: NetName=BUZZER Pin=SP?-1
Added Net: Name=BUZZER
Added Pin To Net: NetName=D4 Pin=Arduino UNO R3-A3
Added Pin To Net: NetName=D4 Pin=LCD?-11
Added Net: Name=D4
Added Pin To Net: NetName=D5 Pin=Arduino UNO R3-A2
Added Pin To Net: NetName=D5 Pin=LCD?-12
Added Net: Name=D5
Added Pin To Net: NetName=D6 Pin=Arduino UNO R3-A1
Added Pin To Net: NetName=D6 Pin=LCD?-13
Added Net: Name=D6
Added Pin To Net: NetName=D7 Pin=Arduino UNO R3-A0
Added Pin To Net: NetName=D7 Pin=LCD?-14
Added Net: Name=D7
Added Pin To Net: NetName=E Pin=Arduino UNO R3-A4
Added Pin To Net: NetName=E Pin=LCD?-6
Added Net: Name=E
Added Pin To Net: NetName=NetArduino UNO R3_7 Pin=Arduino UNO R3-7
Added Pin To Net: NetName=NetArduino UNO R3_7 Pin=R?-2
Added Net: Name=NetArduino UNO R3_7
Added Pin To Net: NetName=NetArduino UNO R3_8 Pin=Arduino UNO R3-8
Added Pin To Net: NetName=NetArduino UNO R3_8 Pin=R?-2
Added Net: Name=NetArduino UNO R3_8
Added Pin To Net: NetName=NetLCD?_3 Pin=LCD?-3
Added Pin To Net: NetName=NetLCD?_3 Pin=VR?-2
Added Net: Name=NetLCD?_3
Added Pin To Net: NetName=NetLED-BLUE_1 Pin=LED-BLUE-1
Added Pin To Net: NetName=NetLED-BLUE_1 Pin=R?-1
Added Net: Name=NetLED-BLUE_1
Added Pin To Net: NetName=NetLED-RED_1 Pin=LED-RED-1
Added Pin To Net: NetName=NetLED-RED_1 Pin=R?-1
Added Net: Name=NetLED-RED_1
Added Pin To Net: NetName=RFID_GND Pin=Arduino UNO R3-GND
Added Pin To Net: NetName=RFID_GND Pin=Arduino UNO R3-GND
Added Pin To Net: NetName=RFID_GND Pin=Arduino UNO R3-GND
Added Pin To Net: NetName=RFID_GND Pin=Arduino UNO R3-GND
Added Pin To Net: NetName=RFID_GND Pin=Arduino UNO R3-GND
Added Pin To Net: NetName=RFID_GND Pin=Arduino UNO R3-GND
Added Pin To Net: NetName=RFID_GND Pin=LCD?-1
Added Pin To Net: NetName=RFID_GND Pin=LCD?-5
Added Pin To Net: NetName=RFID_GND Pin=LCD?-16
Added Pin To Net: NetName=RFID_GND Pin=LED-BLUE-2
Added Pin To Net: NetName=RFID_GND Pin=LED-RED-2
Added Pin To Net: NetName=RFID_GND Pin=RFID-3
Added Pin To Net: NetName=RFID_GND Pin=SERVO-3
Added Pin To Net: NetName=RFID_GND Pin=SP?-2
Added Pin To Net: NetName=RFID_GND Pin=VR?-3
Added Net: Name=RFID_GND
Added Pin To Net: NetName=RFID_MISO Pin=Arduino UNO R3-12
Added Pin To Net: NetName=RFID_MISO Pin=RFID-5
Added Net: Name=RFID_MISO
Added Pin To Net: NetName=RFID_MOSI Pin=Arduino UNO R3-~11
Added Pin To Net: NetName=RFID_MOSI Pin=RFID-6
Added Net: Name=RFID_MOSI
Added Pin To Net: NetName=RFID_NC Pin=RFID-4
Added Net: Name=RFID_NC
Added Pin To Net: NetName=RFID_RST Pin=Arduino UNO R3-~9
Added Pin To Net: NetName=RFID_RST Pin=RFID-2
Added Net: Name=RFID_RST
Added Pin To Net: NetName=RFID_SCK Pin=Arduino UNO R3-13
Added Pin To Net: NetName=RFID_SCK Pin=RFID-7
Added Net: Name=RFID_SCK
Added Pin To Net: NetName=RFID_SDA Pin=Arduino UNO R3-~10
Added Pin To Net: NetName=RFID_SDA Pin=RFID-8
Added Net: Name=RFID_SDA
Added Pin To Net: NetName=RFID_VCC Pin=Arduino UNO R3-3V3
Added Pin To Net: NetName=RFID_VCC Pin=RFID-1
Added Net: Name=RFID_VCC
Added Pin To Net: NetName=RS Pin=Arduino UNO R3-A5
Added Pin To Net: NetName=RS Pin=LCD?-4
Added Net: Name=RS
Added Pin To Net: NetName=SERVO Pin=Arduino UNO R3-~6
Added Pin To Net: NetName=SERVO Pin=SERVO-2
Added Net: Name=SERVO
Added Class: Name=PCB_RFID-Project
