Removed Member From Class: ClassName=REACTION-CIRCUIT Member=U?
Change Component Designator: OldDesignator=DS? NewDesignator=DS1
Change Component Designator: OldDesignator=SW? NewDesignator=SW1
Change Component Designator: OldDesignator=SW? NewDesignator=SW2
Change Component Designator: OldDesignator=SW? NewDesignator=SW3
Change Component Designator: OldDesignator=U? NewDesignator=U1
Change Component Designator: OldDesignator=U? NewDesignator=U2
Change Component Designator: OldDesignator=U? NewDesignator=U3
Change Component Designator: OldDesignator=U? NewDesignator=U4
Change Component Designator: OldDesignator=U? NewDesignator=U5
Change Component Designator: OldDesignator=U? NewDesignator=U6
Change Component Designator: OldDesignator=U? NewDesignator=U7
Added Member To Class: ClassName=REACTION-CIRCUIT Member=Component SW1 SW
Added Member To Class: ClassName=REACTION-CIRCUIT Member=Component SW2 SW
Added Member To Class: ClassName=REACTION-CIRCUIT Member=Component U1 CD4520BE
Added Member To Class: ClassName=REACTION-CIRCUIT Member=Component U2 CD4518BE
Added Member To Class: ClassName=REACTION-CIRCUIT Member=Component U3 CD4518BE
Added Member To Class: ClassName=REACTION-CIRCUIT Member=Component U4 CD4049UBE
Added Member To Class: ClassName=REACTION-CIRCUIT Member=Component U5 CD4026BE
Added Member To Class: ClassName=REACTION-CIRCUIT Member=Component U6 SN74HC08N
Added Member To Class: ClassName=REACTION-CIRCUIT Member=Component U7 SN74HC00N
