Added Component: Designator=C1(CN1.5)
Add component (AddParameter): Name = "Value"; Value = "33pF"; VariantName = "[No Variations]"
Added Component: Designator=C2(CN1.5)
Add component (AddParameter): Name = "Value"; Value = "33pF"; VariantName = "[No Variations]"
Added Component: Designator=C3(CN1.5)
Add component (AddParameter): Name = "Value"; Value = "33pF"; VariantName = "[No Variations]"
Added Component: Designator=C4(JP4-C1T)
Add component (AddParameter): Name = "ComponentLink1 Description"; Value = "Manufacturer"; VariantName = "[No Variations]"
Add component (AddParameter): Name = "ComponentLink1URL"; Value = "http://www.we-online.com"; VariantName = "[No Variations]"
Add component (AddParameter): Name = "ComponentLink2 Description"; Value = "Datasheet"; VariantName = "[No Variations]"
Add component (AddParameter): Name = "ComponentLink2URL"; Value = "http://katalog.we-online.de/em/datasheet/6130xx143121.pdf"; VariantName = "[No Variations]"
Add component (AddParameter): Name = "Created by"; Value = "Karrer Zheng"; VariantName = "[No Variations]"
Add component (AddParameter): Name = "Created Date"; Value = "29 March 2013"; VariantName = "[No Variations]"
Add component (AddParameter): Name = "Manufacturer"; Value = "W¨¹rth Elektronik eiSos GmbH"; VariantName = "[No Variations]"
Add component (AddParameter): Name = "NoPins"; Value = "04"; VariantName = "[No Variations]"
Add component (AddParameter): Name = "partNo"; Value = "613004143121"; VariantName = "[No Variations]"
Added Component: Designator=LCD1(LCD16X2)
Add component (AddParameter): Name = "Value"; Value = "LCD16x2A"; VariantName = "[No Variations]"
Added Component: Designator=PIC16F877A(DIP40/W0.6)
Add component (AddParameter): Name = "Copyright by"; Value = "VanDungEvn"; VariantName = "[No Variations]"
Add component (AddParameter): Name = "Value"; Value = "PIC16F877A"; VariantName = "[No Variations]"
Added Component: Designator=R1(RES-1/4W)
Add component (AddParameter): Name = "Class"; Value = "Passive"; VariantName = "[No Variations]"
Add component (AddParameter): Name = "Manufacturer"; Value = "Generic Components"; VariantName = "[No Variations]"
Add component (AddParameter): Name = "Published"; Value = "08/06/2000"; VariantName = "[No Variations]"
Add component (AddParameter): Name = "Publisher"; Value = "Altium Hobart Technology Centre"; VariantName = "[No Variations]"
Add component (AddParameter): Name = "SubClass"; Value = "R"; VariantName = "[No Variations]"
Added Component: Designator=USB-A(USB-C1)
Add component (AddParameter): Name = "ComponentLink1Description"; Value = "Manufacturer"; VariantName = "[No Variations]"
Add component (AddParameter): Name = "ComponentLink1URL"; Value = "http://www.we-online.de"; VariantName = "[No Variations]"
Add component (AddParameter): Name = "ComponentLink2Description"; Value = "Datasheet"; VariantName = "[No Variations]"
Add component (AddParameter): Name = "ComponentLink2URL"; Value = "http://www.we-online.de/katalog/media/pdf/8492121.pdf"; VariantName = "[No Variations]"
Add component (AddParameter): Name = "Created by"; Value = "Christin Otto"; VariantName = "[No Variations]"
Add component (AddParameter): Name = "Created Date"; Value = "OCT-2014"; VariantName = "[No Variations]"
Add component (AddParameter): Name = "Manufacturer"; Value = "Würth Elektronik eiSos GmbH"; VariantName = "[No Variations]"
Add component (AddParameter): Name = "PartNo"; Value = "8492121"; VariantName = "[No Variations]"
Added Component: Designator=VR1(VR-S2)
Add component (AddParameter): Name = "Value"; Value = "Volume 50k"; VariantName = "[No Variations]"
Added Component: Designator=X1(XT2)
Add component (AddParameter): Name = "Value"; Value = "4Mhz"; VariantName = "[No Variations]"
Added Pin To Net: NetName=5V Pin=C3-1
Added Pin To Net: NetName=5V Pin=C4-1
Added Pin To Net: NetName=5V Pin=LCD1-2
Added Pin To Net: NetName=5V Pin=LCD1-15
Added Pin To Net: NetName=5V Pin=PIC16F877A-11
Added Pin To Net: NetName=5V Pin=PIC16F877A-32
Added Pin To Net: NetName=5V Pin=R1-2
Added Pin To Net: NetName=5V Pin=USB-A-1
Added Pin To Net: NetName=5V Pin=VR1-1
Added Net: Name=5V
Added Pin To Net: NetName=D4 Pin=LCD1-11
Added Pin To Net: NetName=D4 Pin=PIC16F877A-27
Added Net: Name=D4
Added Pin To Net: NetName=D5 Pin=LCD1-12
Added Pin To Net: NetName=D5 Pin=PIC16F877A-28
Added Net: Name=D5
Added Pin To Net: NetName=D6 Pin=LCD1-13
Added Pin To Net: NetName=D6 Pin=PIC16F877A-29
Added Net: Name=D6
Added Pin To Net: NetName=D7 Pin=LCD1-14
Added Pin To Net: NetName=D7 Pin=PIC16F877A-30
Added Net: Name=D7
Added Pin To Net: NetName=E Pin=LCD1-6
Added Pin To Net: NetName=E Pin=PIC16F877A-25
Added Net: Name=E
Added Pin To Net: NetName=GND Pin=C1-1
Added Pin To Net: NetName=GND Pin=C2-1
Added Pin To Net: NetName=GND Pin=C3-2
Added Pin To Net: NetName=GND Pin=C4-2
Added Pin To Net: NetName=GND Pin=LCD1-1
Added Pin To Net: NetName=GND Pin=LCD1-16
Added Pin To Net: NetName=GND Pin=PIC16F877A-12
Added Pin To Net: NetName=GND Pin=PIC16F877A-31
Added Pin To Net: NetName=GND Pin=USB-A-4
Added Pin To Net: NetName=GND Pin=USB-A-4
Added Pin To Net: NetName=GND Pin=USB-A-4
Added Pin To Net: NetName=GND Pin=VR1-3
Added Net: Name=GND
Added Pin To Net: NetName=INPUT Pin=C4-3
Added Pin To Net: NetName=INPUT Pin=PIC16F877A-6
Added Net: Name=INPUT
Added Pin To Net: NetName=NetC1_2 Pin=C1-2
Added Pin To Net: NetName=NetC1_2 Pin=PIC16F877A-13
Added Pin To Net: NetName=NetC1_2 Pin=X1-2
Added Net: Name=NetC1_2
Added Pin To Net: NetName=NetC2_2 Pin=C2-2
Added Pin To Net: NetName=NetC2_2 Pin=PIC16F877A-14
Added Pin To Net: NetName=NetC2_2 Pin=X1-1
Added Net: Name=NetC2_2
Added Pin To Net: NetName=NetLCD1_3 Pin=LCD1-3
Added Pin To Net: NetName=NetLCD1_3 Pin=VR1-2
Added Net: Name=NetLCD1_3
Added Pin To Net: NetName=NetPIC16F877A_1 Pin=PIC16F877A-1
Added Pin To Net: NetName=NetPIC16F877A_1 Pin=R1-1
Added Net: Name=NetPIC16F877A_1
Added Pin To Net: NetName=R/W Pin=LCD1-5
Added Pin To Net: NetName=R/W Pin=PIC16F877A-24
Added Net: Name=R/W
Added Pin To Net: NetName=RS Pin=LCD1-4
Added Pin To Net: NetName=RS Pin=PIC16F877A-23
Added Net: Name=RS
Added Class: Name=PIC-ENCODER
