C51 COMPILER V9.52.0.0   MAIN                                                              05/09/2021 18:19:19 PAGE 1   


C51 COMPILER V9.52.0.0, COMPILATION OF MODULE MAIN
OBJECT MODULE PLACED IN main.OBJ
COMPILER INVOKED BY: D:\tunaBasicSoft\keilCv5\keil\C51\BIN\C51.EXE main.c BROWSE DEBUG OBJECTEXTEND TABS(2)

line level    source

   1          #include <REGX52.H>
   2          
   3          // Khai bao SPI
   4          #define SPI_SCLK P2_0
   5          #define SPI_MOSI P2_1
   6          #define SPI_MISO P2_2
   7          #define SPI_SS P3_2
   8          #define DS18B20_DATA P2_4
   9          #define LIGHT1 P2_6
  10          #define LIGHT2 P2_7
  11          
  12          unsigned char DS18B20_buffer[2];
  13          // delay ms
  14          void DelayMs(unsigned int time)
  15          {
  16   1          unsigned int i, j;
  17   1          for (i = 0; i < time; i++)
  18   1          {
  19   2              for (j = 0; j < 123; j++)
  20   2              {
  21   3              }
  22   2          }
  23   1      }
  24          
  25          // Delay cho DS18B20
  26          void DS18B20_Delay(unsigned int time)
  27          {
  28   1          while (time--)
  29   1              ;
  30   1      }
  31          
  32          // Khoi tao cam bien
  33          void DS18B20_Init()
  34          {
  35   1          DS18B20_DATA = 1;
  36   1          DS18B20_Delay(8);
  37   1          DS18B20_DATA = 0;
  38   1          DS18B20_Delay(80);
  39   1          DS18B20_DATA = 1;
  40   1          DS18B20_Delay(34);
  41   1      }
  42          
  43          // Doc 1 byte tu DS18B20
  44          unsigned char DS18B20_ReadByte()
  45          {
  46   1          unsigned char i;
  47   1          unsigned char _data = 0x00;
  48   1          for (i = 8; i > 0; i--)
  49   1          {
  50   2              DS18B20_DATA = 0;
  51   2              _data >>= 1;
  52   2              DS18B20_DATA = 1;
  53   2              if (DS18B20_DATA)
  54   2              {
  55   3                  _data |= 0x80;
C51 COMPILER V9.52.0.0   MAIN                                                              05/09/2021 18:19:19 PAGE 2   

  56   3              }
  57   2              DS18B20_Delay(4);
  58   2          }
  59   1          return _data;
  60   1      }
  61          
  62          // Ghi 1 byte vao DS18B20
  63          void DS18B20_WriteByte(unsigned char _data)
  64          {
  65   1          unsigned int i;
  66   1          for (i = 8; i > 0; i--)
  67   1          {
  68   2              DS18B20_DATA = 0;
  69   2              DS18B20_DATA = _data & 0x01;
  70   2              DS18B20_Delay(5);
  71   2              DS18B20_DATA = 1;
  72   2              _data >>= 1;
  73   2          }
  74   1          DS18B20_Delay(4);
  75   1      }
  76          
  77          // Doc nhiet do
  78          void DS18B20_ReadTemperature(void)
  79          {
  80   1          DS18B20_Init();
  81   1          DS18B20_WriteByte(0xCC);
  82   1          DS18B20_WriteByte(0x44);
  83   1          DS18B20_Delay(10);
  84   1          DS18B20_Init();
  85   1          DS18B20_WriteByte(0xCC);
  86   1          DS18B20_WriteByte(0xBE);
  87   1          DS18B20_buffer[0] = DS18B20_ReadByte();
  88   1          DS18B20_buffer[1] = DS18B20_ReadByte();
  89   1      }
  90          
  91          // Cau hinh soft spi che do slave
  92          void SoftSPI_Init()
  93          {
  94   1          SPI_SCLK = 1;
  95   1          SPI_MOSI = 1;
  96   1          // Cau hinh ngat cho chan SS
  97   1          IT0 = 1;
  98   1          EX0 = 1;
  99   1          EA = 1;
 100   1      }
 101          
 102          // Ham doc 1 byte SPI slave
 103          unsigned char SoftSPI_ReadByte()
 104          {
 105   1          unsigned char i, _data = 0x00;
 106   1          for (i = 0; i < 8; i++)
 107   1          {
 108   2              _data <<= 1;
 109   2              while (SPI_SCLK == 0)
 110   2                  ;
 111   2              if (SPI_MOSI == 1)
 112   2              {
 113   3                  _data |= 0x01;
 114   3              }
 115   2              while (SPI_SCLK == 1)
 116   2                  ;
 117   2          }
C51 COMPILER V9.52.0.0   MAIN                                                              05/09/2021 18:19:19 PAGE 3   

 118   1          return _data;
 119   1      }
 120          
 121          // Ham gui 1 byte SPI slave
 122          void SoftSPI_WriteByte(unsigned char _data)
 123          {
 124   1          unsigned char i;
 125   1          for (i = 0; i < 8; i++)
 126   1          {
 127   2              if ((_data & 0x80) != 0)
 128   2              {
 129   3                  SPI_MISO = 1;
 130   3              }
 131   2              else
 132   2              {
 133   3                  SPI_MISO = 0;
 134   3              }
 135   2              _data = _data << 1;
 136   2              while (SPI_SCLK == 0)
 137   2                  ;
 138   2              while (SPI_SCLK == 1)
 139   2                  ;
 140   2          }
 141   1          SPI_MISO = 1;
 142   1      }
 143          
 144          void ex0_isr(void) interrupt 0
 145          {
 146   1          unsigned char spiData;
 147   1          spiData = SoftSPI_ReadByte();
 148   1          if (spiData == 0xAA)
 149   1          {
 150   2              DS18B20_ReadTemperature();
 151   2              SoftSPI_WriteByte(DS18B20_buffer[0]);
 152   2              SoftSPI_WriteByte(DS18B20_buffer[1]);
 153   2          }
 154   1          if (spiData == 0x01)
 155   1          {
 156   2              LIGHT1 = ~LIGHT1;
 157   2          }
 158   1          if (spiData == 0x02)
 159   1          {
 160   2              LIGHT2 = ~LIGHT2;
 161   2          }
 162   1      }
 163          
 164          void main()
 165          {
 166   1          SoftSPI_Init();
 167   1          // DS18B20_Init();
 168   1          LIGHT1 = 0;
 169   1          LIGHT2 = 0;
 170   1          while (1)
 171   1          {
 172   2              
 173   2          }
 174   1      }


MODULE INFORMATION:   STATIC OVERLAYABLE
   CODE SIZE        =    329    ----
   CONSTANT SIZE    =   ----    ----
C51 COMPILER V9.52.0.0   MAIN                                                              05/09/2021 18:19:19 PAGE 4   

   XDATA SIZE       =   ----    ----
   PDATA SIZE       =   ----    ----
   DATA SIZE        =      2    ----
   IDATA SIZE       =   ----    ----
   BIT SIZE         =   ----    ----
END OF MODULE INFORMATION.


C51 COMPILATION COMPLETE.  0 WARNING(S),  0 ERROR(S)
